#
# There is insufficient memory for the Java Runtime Environment to continue.
# Native memory allocation (malloc) failed to allocate 45088768 bytes for committing reserved memory.
# Possible reasons:
#   The system is out of physical RAM or swap space
#   In 32 bit mode, the process size limit was hit
# Possible solutions:
#   Reduce memory load on the system
#   Increase physical memory or swap space
#   Check if swap backing store is full
#   Use 64 bit Java on a 64 bit OS
#   Decrease Java heap size (-Xmx/-Xms)
#   Decrease number of Java threads
#   Decrease Java thread stack sizes (-Xss)
#   Set larger code cache with -XX:ReservedCodeCacheSize=
# This output file may be truncated or incomplete.
#
#  Out of Memory Error (os_linux.cpp:2745), pid=7777, tid=140284446603008
#
# JRE version: Java(TM) SE Runtime Environment (7.0_65-b17) (build 1.7.0_65-b17)
# Java VM: Java HotSpot(TM) 64-Bit Server VM (24.65-b04 mixed mode linux-amd64 compressed oops)
# Failed to write core dump. Core dumps have been disabled. To enable core dumping, try "ulimit -c unlimited" before starting Java again
#

---------------  T H R E A D  ---------------

Current thread (0x00007f9690130800):  VMThread [stack: 0x00007f96848b7000,0x00007f96849b8000] [id=7830]

Stack: [0x00007f96848b7000,0x00007f96849b8000],  sp=0x00007f96849b60c0,  free space=1020k
Native frames: (J=compiled Java code, j=interpreted, Vv=VM code, C=native code)
V  [libjvm.so+0x99eb8a]  VMError::report_and_die()+0x2ea
V  [libjvm.so+0x49721b]  report_vm_out_of_memory(char const*, int, unsigned long, char const*)+0x9b
V  [libjvm.so+0x81d9ae]  os::Linux::commit_memory_impl(char*, unsigned long, bool)+0xfe
V  [libjvm.so+0x81def9]  os::pd_commit_memory(char*, unsigned long, unsigned long, bool)+0x29
V  [libjvm.so+0x817caa]  os::commit_memory(char*, unsigned long, unsigned long, bool)+0x2a
V  [libjvm.so+0x88a7a3]  PSVirtualSpace::expand_by(unsigned long)+0x53
V  [libjvm.so+0x88bb78]  PSYoungGen::resize_generation(unsigned long, unsigned long)+0xf8
V  [libjvm.so+0x88ace2]  PSYoungGen::resize(unsigned long, unsigned long)+0x22
V  [libjvm.so+0x888133]  PSScavenge::invoke_no_policy()+0xfb3
V  [libjvm.so+0x8888e1]  PSScavenge::invoke()+0x41
V  [libjvm.so+0x83f510]  ParallelScavengeHeap::failed_mem_allocate(unsigned long)+0x70
V  [libjvm.so+0x9a0417]  VM_ParallelGCFailedAllocation::doit()+0x97
V  [libjvm.so+0x9a78b5]  VM_Operation::evaluate()+0x55
V  [libjvm.so+0x9a5c7a]  VMThread::evaluate_operation(VM_Operation*)+0xba
V  [libjvm.so+0x9a5ffe]  VMThread::loop()+0x1ce
V  [libjvm.so+0x9a6470]  VMThread::run()+0x70
V  [libjvm.so+0x81f988]  java_start(Thread*)+0x108

VM_Operation (0x00007f9696688cb0): ParallelGCFailedAllocation, mode: safepoint, requested by thread 0x00007f969000a000


---------------  P R O C E S S  ---------------

Java Threads: ( => current thread )
  0x00007f969015d000 JavaThread "Service Thread" daemon [_thread_blocked, id=7857, stack(0x00007f966fbfc000,0x00007f966fcfd000)]
  0x00007f969015b000 JavaThread "C2 CompilerThread1" daemon [_thread_blocked, id=7855, stack(0x00007f966fcfd000,0x00007f966fdfe000)]
  0x00007f9690158000 JavaThread "C2 CompilerThread0" daemon [_thread_blocked, id=7850, stack(0x00007f966fdfe000,0x00007f966feff000)]
  0x00007f9690150000 JavaThread "Signal Dispatcher" daemon [_thread_blocked, id=7843, stack(0x00007f966feff000,0x00007f9670000000)]
  0x00007f9690137000 JavaThread "Finalizer" daemon [_thread_blocked, id=7839, stack(0x00007f96846b5000,0x00007f96847b6000)]
  0x00007f9690135000 JavaThread "Reference Handler" daemon [_thread_blocked, id=7834, stack(0x00007f96847b6000,0x00007f96848b7000)]
  0x00007f969000a000 JavaThread "main" [_thread_blocked, id=7810, stack(0x00007f969658a000,0x00007f969668b000)]

Other Threads:
=>0x00007f9690130800 VMThread [stack: 0x00007f96848b7000,0x00007f96849b8000] [id=7830]
  0x00007f9690167800 WatcherThread [stack: 0x00007f966fafb000,0x00007f966fbfc000] [id=7859]

VM state:at safepoint (normal execution)

VM Mutex/Monitor currently owned by a thread:  ([mutex/lock_event])
[0x00007f96900063c0] Threads_lock - owner thread: 0x00007f9690130800
[0x00007f96900068c0] Heap_lock - owner thread: 0x00007f969000a000

Heap
 PSYoungGen      total 34304K, used 2547K [0x00000000eaa80000, 0x00000000ece80000, 0x0000000100000000)
  eden space 31744K, 0% used [0x00000000eaa80000,0x00000000eaa80000,0x00000000ec980000)
  from space 2560K, 99% used [0x00000000ec980000,0x00000000ecbfcd50,0x00000000ecc00000)
  to   space 2560K, 0% used [0x00000000ecc00000,0x00000000ecc00000,0x00000000ece80000)
 ParOldGen       total 41472K, used 16873K [0x00000000c0000000, 0x00000000c2880000, 0x00000000eaa80000)
  object space 41472K, 40% used [0x00000000c0000000,0x00000000c107a458,0x00000000c2880000)
 PSPermGen       total 21504K, used 5386K [0x00000000bae00000, 0x00000000bc300000, 0x00000000c0000000)
  object space 21504K, 25% used [0x00000000bae00000,0x00000000bb3428d0,0x00000000bc300000)

Card table byte_map: [0x00007f968c589000,0x00007f968c7b3000] byte_map_base: 0x00007f968bfb2000

Polling page: 0x00007f96966a7000

Code Cache  [0x00007f968c7b3000, 0x00007f968ca23000, 0x00007f968f7b3000)
 total_blobs=643 nmethods=413 adapters=179 free_code_cache=47508Kb largest_free_block=48625984

Compilation events (10 events):
Event: 7.678 Thread 0x00007f9690158000 nmethod 414 0x00007f968c94aad0 code [0x00007f968c94acc0, 0x00007f968c94b9a8]
Event: 7.678 Thread 0x00007f9690158000  415             com.android.dx.ssa.back.InterferenceGraph::<init> (42 bytes)
Event: 7.689 Thread 0x00007f9690158000 nmethod 415 0x00007f968c947f10 code [0x00007f968c9480a0, 0x00007f968c948788]
Event: 7.689 Thread 0x00007f9690158000  416             com.android.dx.ssa.back.FirstFitLocalCombiningAllocator::handleUnassociatedParameters (60 bytes)
Event: 7.697 Thread 0x00007f9690158000 nmethod 416 0x00007f968c949950 code [0x00007f968c949b40, 0x00007f968c94a288]
Event: 7.697 Thread 0x00007f9690158000  417             com.android.dx.cf.code.Ropper::getRopMethod (64 bytes)
Event: 7.705 Thread 0x00007f9690158000 nmethod 417 0x00007f968c94e290 code [0x00007f968c94e460, 0x00007f968c94eb78]
Event: 7.705 Thread 0x00007f9690158000  418             com.android.dx.ssa.SetFactory::makeInterferenceSet (26 bytes)
Event: 7.707 Thread 0x00007f9690158000 nmethod 418 0x00007f968c94c610 code [0x00007f968c94c760, 0x00007f968c94c8f8]
Event: 7.707 Thread 0x00007f9690158000  419             com.android.dx.ssa.back.SsaToRop::convertBasicBlock (126 bytes)

GC Heap History (9 events):
Event: 3.073 GC heap before
{Heap before GC invocations=1 (full 0):
 PSYoungGen      total 18432K, used 15872K [0x00000000eaa80000, 0x00000000ebf00000, 0x0000000100000000)
  eden space 15872K, 100% used [0x00000000eaa80000,0x00000000eba00000,0x00000000eba00000)
  from space 2560K, 0% used [0x00000000ebc80000,0x00000000ebc80000,0x00000000ebf00000)
  to   space 2560K, 0% used [0x00000000eba00000,0x00000000eba00000,0x00000000ebc80000)
 ParOldGen       total 41472K, used 0K [0x00000000c0000000, 0x00000000c2880000, 0x00000000eaa80000)
  object space 41472K, 0% used [0x00000000c0000000,0x00000000c0000000,0x00000000c2880000)
 PSPermGen       total 21504K, used 5126K [0x00000000bae00000, 0x00000000bc300000, 0x00000000c0000000)
  object space 21504K, 23% used [0x00000000bae00000,0x00000000bb301888,0x00000000bc300000)
Event: 3.085 GC heap after
Heap after GC invocations=1 (full 0):
 PSYoungGen      total 18432K, used 2551K [0x00000000eaa80000, 0x00000000ebf00000, 0x0000000100000000)
  eden space 15872K, 0% used [0x00000000eaa80000,0x00000000eaa80000,0x00000000eba00000)
  from space 2560K, 99% used [0x00000000eba00000,0x00000000ebc7dc98,0x00000000ebc80000)
  to   space 2560K, 0% used [0x00000000ebc80000,0x00000000ebc80000,0x00000000ebf00000)
 ParOldGen       total 41472K, used 1530K [0x00000000c0000000, 0x00000000c2880000, 0x00000000eaa80000)
  object space 41472K, 3% used [0x00000000c0000000,0x00000000c017eb48,0x00000000c2880000)
 PSPermGen       total 21504K, used 5126K [0x00000000bae00000, 0x00000000bc300000, 0x00000000c0000000)
  object space 21504K, 23% used [0x00000000bae00000,0x00000000bb301888,0x00000000bc300000)
}
Event: 4.257 GC heap before
{Heap before GC invocations=2 (full 0):
 PSYoungGen      total 18432K, used 18423K [0x00000000eaa80000, 0x00000000ebf00000, 0x0000000100000000)
  eden space 15872K, 100% used [0x00000000eaa80000,0x00000000eba00000,0x00000000eba00000)
  from space 2560K, 99% used [0x00000000eba00000,0x00000000ebc7dc98,0x00000000ebc80000)
  to   space 2560K, 0% used [0x00000000ebc80000,0x00000000ebc80000,0x00000000ebf00000)
 ParOldGen       total 41472K, used 1530K [0x00000000c0000000, 0x00000000c2880000, 0x00000000eaa80000)
  object space 41472K, 3% used [0x00000000c0000000,0x00000000c017eb48,0x00000000c2880000)
 PSPermGen       total 21504K, used 5283K [0x00000000bae00000, 0x00000000bc300000, 0x00000000c0000000)
  object space 21504K, 24% used [0x00000000bae00000,0x00000000bb328cf0,0x00000000bc300000)
Event: 4.272 GC heap after
Heap after GC invocations=2 (full 0):
 PSYoungGen      total 18432K, used 2543K [0x00000000eaa80000, 0x00000000ebf00000, 0x0000000100000000)
  eden space 15872K, 0% used [0x00000000eaa80000,0x00000000eaa80000,0x00000000eba00000)
  from space 2560K, 99% used [0x00000000ebc80000,0x00000000ebefbd38,0x00000000ebf00000)
  to   space 2560K, 0% used [0x00000000eba00000,0x00000000eba00000,0x00000000ebc80000)
 ParOldGen       total 41472K, used 4282K [0x00000000c0000000, 0x00000000c2880000, 0x00000000eaa80000)
  object space 41472K, 10% used [0x00000000c0000000,0x00000000c042e978,0x00000000c2880000)
 PSPermGen       total 21504K, used 5283K [0x00000000bae00000, 0x00000000bc300000, 0x00000000c0000000)
  object space 21504K, 24% used [0x00000000bae00000,0x00000000bb328cf0,0x00000000bc300000)
}
Event: 5.237 GC heap before
{Heap before GC invocations=3 (full 0):
 PSYoungGen      total 18432K, used 18415K [0x00000000eaa80000, 0x00000000ebf00000, 0x0000000100000000)
  eden space 15872K, 100% used [0x00000000eaa80000,0x00000000eba00000,0x00000000eba00000)
  from space 2560K, 99% used [0x00000000ebc80000,0x00000000ebefbd38,0x00000000ebf00000)
  to   space 2560K, 0% used [0x00000000eba00000,0x00000000eba00000,0x00000000ebc80000)
 ParOldGen       total 41472K, used 4282K [0x00000000c0000000, 0x00000000c2880000, 0x00000000eaa80000)
  object space 41472K, 10% used [0x00000000c0000000,0x00000000c042e978,0x00000000c2880000)
 PSPermGen       total 21504K, used 5334K [0x00000000bae00000, 0x00000000bc300000, 0x00000000c0000000)
  object space 21504K, 24% used [0x00000000bae00000,0x00000000bb3358d0,0x00000000bc300000)
Event: 5.260 GC heap after
Heap after GC invocations=3 (full 0):
 PSYoungGen      total 18432K, used 2540K [0x00000000eaa80000, 0x00000000ece80000, 0x0000000100000000)
  eden space 15872K, 0% used [0x00000000eaa80000,0x00000000eaa80000,0x00000000eba00000)
  from space 2560K, 99% used [0x00000000eba00000,0x00000000ebc7b2b0,0x00000000ebc80000)
  to   space 2560K, 0% used [0x00000000ecc00000,0x00000000ecc00000,0x00000000ece80000)
 ParOldGen       total 41472K, used 8416K [0x00000000c0000000, 0x00000000c2880000, 0x00000000eaa80000)
  object space 41472K, 20% used [0x00000000c0000000,0x00000000c0838050,0x00000000c2880000)
 PSPermGen       total 21504K, used 5334K [0x00000000bae00000, 0x00000000bc300000, 0x00000000c0000000)
  object space 21504K, 24% used [0x00000000bae00000,0x00000000bb3358d0,0x00000000bc300000)
}
Event: 6.324 GC heap before
{Heap before GC invocations=4 (full 0):
 PSYoungGen      total 18432K, used 18412K [0x00000000eaa80000, 0x00000000ece80000, 0x0000000100000000)
  eden space 15872K, 100% used [0x00000000eaa80000,0x00000000eba00000,0x00000000eba00000)
  from space 2560K, 99% used [0x00000000eba00000,0x00000000ebc7b2b0,0x00000000ebc80000)
  to   space 2560K, 0% used [0x00000000ecc00000,0x00000000ecc00000,0x00000000ece80000)
 ParOldGen       total 41472K, used 8416K [0x00000000c0000000, 0x00000000c2880000, 0x00000000eaa80000)
  object space 41472K, 20% used [0x00000000c0000000,0x00000000c0838050,0x00000000c2880000)
 PSPermGen       total 21504K, used 5356K [0x00000000bae00000, 0x00000000bc300000, 0x00000000c0000000)
  object space 21504K, 24% used [0x00000000bae00000,0x00000000bb33b020,0x00000000bc300000)
Event: 6.372 GC heap after
Heap after GC invocations=4 (full 0):
 PSYoungGen      total 34304K, used 2530K [0x00000000eaa80000, 0x00000000ece80000, 0x0000000100000000)
  eden space 31744K, 0% used [0x00000000eaa80000,0x00000000eaa80000,0x00000000ec980000)
  from space 2560K, 98% used [0x00000000ecc00000,0x00000000ece78810,0x00000000ece80000)
  to   space 2560K, 0% used [0x00000000ec980000,0x00000000ec980000,0x00000000ecc00000)
 ParOldGen       total 41472K, used 11225K [0x00000000c0000000, 0x00000000c2880000, 0x00000000eaa80000)
  object space 41472K, 27% used [0x00000000c0000000,0x00000000c0af6428,0x00000000c2880000)
 PSPermGen       total 21504K, used 5356K [0x00000000bae00000, 0x00000000bc300000, 0x00000000c0000000)
  object space 21504K, 24% used [0x00000000bae00000,0x00000000bb33b020,0x00000000bc300000)
}
Event: 9.347 GC heap before
{Heap before GC invocations=5 (full 0):
 PSYoungGen      total 34304K, used 34274K [0x00000000eaa80000, 0x00000000ece80000, 0x0000000100000000)
  eden space 31744K, 100% used [0x00000000eaa80000,0x00000000ec980000,0x00000000ec980000)
  from space 2560K, 98% used [0x00000000ecc00000,0x00000000ece78810,0x00000000ece80000)
  to   space 2560K, 0% used [0x00000000ec980000,0x00000000ec980000,0x00000000ecc00000)
 ParOldGen       total 41472K, used 11225K [0x00000000c0000000, 0x00000000c2880000, 0x00000000eaa80000)
  object space 41472K, 27% used [0x00000000c0000000,0x00000000c0af6428,0x00000000c2880000)
 PSPermGen       total 21504K, used 5386K [0x00000000bae00000, 0x00000000bc300000, 0x00000000c0000000)
  object space 21504K, 25% used [0x00000000bae00000,0x00000000bb3428d0,0x00000000bc300000)

Deoptimization events (10 events):
Event: 7.584 Thread 0x00007f969000a000 Uncommon trap: reason=bimorphic action=maybe_recompile pc=0x00007f968c9391ac method=com.android.dx.cf.code.RopperMachine.run(Lcom/android/dx/cf/code/Frame;II)V @ 310
Event: 7.592 Thread 0x00007f969000a000 Uncommon trap: reason=bimorphic action=maybe_recompile pc=0x00007f968c9391ac method=com.android.dx.cf.code.RopperMachine.run(Lcom/android/dx/cf/code/Frame;II)V @ 310
Event: 7.594 Thread 0x00007f969000a000 Uncommon trap: reason=bimorphic action=maybe_recompile pc=0x00007f968c9391ac method=com.android.dx.cf.code.RopperMachine.run(Lcom/android/dx/cf/code/Frame;II)V @ 310
Event: 7.626 Thread 0x00007f969000a000 Uncommon trap: reason=bimorphic action=maybe_recompile pc=0x00007f968c8fd764 method=com.android.dx.ssa.LiteralOpUpgrader.tryReplacingWithConstant(Lcom/android/dx/ssa/NormalSsaInsn;)Z @ 52
Event: 7.633 Thread 0x00007f969000a000 Uncommon trap: reason=bimorphic action=maybe_recompile pc=0x00007f968c8e7f48 method=com.android.dx.cf.code.BytecodeArray.parseInstruction(ILcom/android/dx/cf/code/BytecodeArray$Visitor;)I @ 971
Event: 7.633 Thread 0x00007f969000a000 Uncommon trap: reason=bimorphic action=maybe_recompile pc=0x00007f968c8e7d94 method=com.android.dx.cf.code.BytecodeArray.parseInstruction(ILcom/android/dx/cf/code/BytecodeArray$Visitor;)I @ 907
Event: 7.633 Thread 0x00007f969000a000 Uncommon trap: reason=bimorphic action=maybe_recompile pc=0x00007f968c8e81c0 method=com.android.dx.cf.code.BytecodeArray.parseInstruction(ILcom/android/dx/cf/code/BytecodeArray$Visitor;)I @ 1130
Event: 7.633 Thread 0x00007f969000a000 Uncommon trap: reason=bimorphic action=maybe_recompile pc=0x00007f968c8e7e10 method=com.android.dx.cf.code.BytecodeArray.parseInstruction(ILcom/android/dx/cf/code/BytecodeArray$Visitor;)I @ 923
Event: 7.633 Thread 0x00007f969000a000 Uncommon trap: reason=bimorphic action=maybe_recompile pc=0x00007f968c8e81c0 method=com.android.dx.cf.code.BytecodeArray.parseInstruction(ILcom/android/dx/cf/code/BytecodeArray$Visitor;)I @ 1130
Event: 7.634 Thread 0x00007f969000a000 Uncommon trap: reason=class_check action=maybe_recompile pc=0x00007f968c8a7e30 method=com.android.dx.cf.code.Ropper.processBlock(Lcom/android/dx/cf/code/ByteBlock;Lcom/android/dx/cf/code/Frame;[I)V @ 781

Internal exceptions (10 events):
Event: 1.646 Thread 0x00007f969000a000 Threw 0x00000000eb274528 at /HUDSON/workspace/7u-2-build-linux-amd64/jdk7u65/1224/hotspot/src/share/vm/prims/jvm.cpp:1244
Event: 1.647 Thread 0x00007f969000a000 Threw 0x00000000eb276ed8 at /HUDSON/workspace/7u-2-build-linux-amd64/jdk7u65/1224/hotspot/src/share/vm/prims/jvm.cpp:1244
Event: 1.647 Thread 0x00007f969000a000 Threw 0x00000000eb27a590 at /HUDSON/workspace/7u-2-build-linux-amd64/jdk7u65/1224/hotspot/src/share/vm/prims/jvm.cpp:1244
Event: 1.752 Thread 0x00007f969000a000 Threw 0x00000000eb2e4910 at /HUDSON/workspace/7u-2-build-linux-amd64/jdk7u65/1224/hotspot/src/share/vm/prims/jvm.cpp:1244
Event: 1.810 Thread 0x00007f969000a000 Threw 0x00000000eb36cde8 at /HUDSON/workspace/7u-2-build-linux-amd64/jdk7u65/1224/hotspot/src/share/vm/prims/jvm.cpp:1244
Event: 1.812 Thread 0x00007f969000a000 Threw 0x00000000eb37b160 at /HUDSON/workspace/7u-2-build-linux-amd64/jdk7u65/1224/hotspot/src/share/vm/prims/jvm.cpp:1244
Event: 1.839 Thread 0x00007f969000a000 Threw 0x00000000eb3c7af0 at /HUDSON/workspace/7u-2-build-linux-amd64/jdk7u65/1224/hotspot/src/share/vm/prims/jvm.cpp:1244
Event: 3.308 Thread 0x00007f969000a000 Implicit null exception at 0x00007f968c85eba4 to 0x00007f968c85f47d
Event: 5.557 Thread 0x00007f969000a000 Implicit null exception at 0x00007f968c886012 to 0x00007f968c886103
Event: 6.624 Thread 0x00007f969000a000 Threw 0x00000000eaefca10 at /HUDSON/workspace/7u-2-build-linux-amd64/jdk7u65/1224/hotspot/src/share/vm/prims/jvm.cpp:1244

Events (10 events):
Event: 7.633 Thread 0x00007f969000a000 Uncommon trap: trap_request=0xffffffc6 fr.pc=0x00007f968c8e7e10
Event: 7.633 Thread 0x00007f969000a000 DEOPT PACKING pc=0x00007f968c8e7e10 sp=0x00007f9696688cf0
Event: 7.633 Thread 0x00007f969000a000 DEOPT UNPACKING pc=0x00007f968c7ec445 sp=0x00007f9696688ca8 mode 2
Event: 7.633 Thread 0x00007f969000a000 Uncommon trap: trap_request=0xffffffc6 fr.pc=0x00007f968c8e81c0
Event: 7.633 Thread 0x00007f969000a000 DEOPT PACKING pc=0x00007f968c8e81c0 sp=0x00007f9696688cf0
Event: 7.633 Thread 0x00007f969000a000 DEOPT UNPACKING pc=0x00007f968c7ec445 sp=0x00007f9696688ca8 mode 2
Event: 7.634 Thread 0x00007f969000a000 Uncommon trap: trap_request=0xffffffde fr.pc=0x00007f968c8a7e30
Event: 7.634 Thread 0x00007f969000a000 DEOPT PACKING pc=0x00007f968c8a7e30 sp=0x00007f9696688f60
Event: 7.634 Thread 0x00007f969000a000 DEOPT UNPACKING pc=0x00007f968c7ec445 sp=0x00007f9696688f00 mode 2
Event: 9.347 Executing VM operation: ParallelGCFailedAllocation


Dynamic libraries:
00400000-00401000 r-xp 00000000 08:02 3803237                            /usr/lib/jvm/java-7-oracle/jre/bin/java
00600000-00601000 rw-p 00000000 08:02 3803237                            /usr/lib/jvm/java-7-oracle/jre/bin/java
00d89000-00daa000 rw-p 00000000 00:00 0                                  [heap]
bae00000-bc300000 rw-p 00000000 00:00 0 
bc300000-c0000000 rw-p 00000000 00:00 0 
c0000000-c2880000 rw-p 00000000 00:00 0 
c2880000-eaa80000 rw-p 00000000 00:00 0 
eaa80000-ece80000 rw-p 00000000 00:00 0 
ef980000-100000000 rw-p 00000000 00:00 0 
7f9654000000-7f9654021000 rw-p 00000000 00:00 0 
7f9654021000-7f9658000000 ---p 00000000 00:00 0 
7f9658000000-7f9658021000 rw-p 00000000 00:00 0 
7f9658021000-7f965c000000 ---p 00000000 00:00 0 
7f965c000000-7f965cba4000 rw-p 00000000 00:00 0 
7f965cba4000-7f9660000000 ---p 00000000 00:00 0 
7f9660000000-7f96609e2000 rw-p 00000000 00:00 0 
7f96609e2000-7f9664000000 ---p 00000000 00:00 0 
7f9664000000-7f9664021000 rw-p 00000000 00:00 0 
7f9664021000-7f9668000000 ---p 00000000 00:00 0 
7f9668000000-7f9668021000 rw-p 00000000 00:00 0 
7f9668021000-7f966c000000 ---p 00000000 00:00 0 
7f966f567000-7f966f6d3000 rw-p 00000000 00:00 0 
7f966f6d3000-7f966f6e9000 r-xp 00000000 08:02 3803950                    /usr/lib/jvm/java-7-oracle/jre/lib/amd64/libnet.so
7f966f6e9000-7f966f8e9000 ---p 00016000 08:02 3803950                    /usr/lib/jvm/java-7-oracle/jre/lib/amd64/libnet.so
7f966f8e9000-7f966f8ea000 rw-p 00016000 08:02 3803950                    /usr/lib/jvm/java-7-oracle/jre/lib/amd64/libnet.so
7f966f8ea000-7f966f8fa000 r-xp 00000000 08:02 3803971                    /usr/lib/jvm/java-7-oracle/jre/lib/amd64/libnio.so
7f966f8fa000-7f966fafa000 ---p 00010000 08:02 3803971                    /usr/lib/jvm/java-7-oracle/jre/lib/amd64/libnio.so
7f966fafa000-7f966fafb000 rw-p 00010000 08:02 3803971                    /usr/lib/jvm/java-7-oracle/jre/lib/amd64/libnio.so
7f966fafb000-7f966fafc000 ---p 00000000 00:00 0 
7f966fafc000-7f966fbfc000 rw-p 00000000 00:00 0                          [stack:7859]
7f966fbfc000-7f966fbff000 ---p 00000000 00:00 0 
7f966fbff000-7f966fcfd000 rw-p 00000000 00:00 0                          [stack:7857]
7f966fcfd000-7f966fd00000 ---p 00000000 00:00 0 
7f966fd00000-7f966fdfe000 rw-p 00000000 00:00 0                          [stack:7855]
7f966fdfe000-7f966fe01000 ---p 00000000 00:00 0 
7f966fe01000-7f966feff000 rw-p 00000000 00:00 0                          [stack:7850]
7f966feff000-7f966ff02000 ---p 00000000 00:00 0 
7f966ff02000-7f9670000000 rw-p 00000000 00:00 0                          [stack:7843]
7f9670000000-7f96700e4000 rw-p 00000000 00:00 0 
7f96700e4000-7f9674000000 ---p 00000000 00:00 0 
7f9674000000-7f9674021000 rw-p 00000000 00:00 0 
7f9674021000-7f9678000000 ---p 00000000 00:00 0 
7f9678000000-7f9678021000 rw-p 00000000 00:00 0 
7f9678021000-7f967c000000 ---p 00000000 00:00 0 
7f967c000000-7f967c021000 rw-p 00000000 00:00 0 
7f967c021000-7f9680000000 ---p 00000000 00:00 0 
7f9680000000-7f9680021000 rw-p 00000000 00:00 0 
7f9680021000-7f9684000000 ---p 00000000 00:00 0 
7f9684046000-7f96846b5000 r--p 00000000 08:02 1052923                    /usr/lib/locale/locale-archive
7f96846b5000-7f96846b8000 ---p 00000000 00:00 0 
7f96846b8000-7f96847b6000 rw-p 00000000 00:00 0                          [stack:7839]
7f96847b6000-7f96847b9000 ---p 00000000 00:00 0 
7f96847b9000-7f96848b7000 rw-p 00000000 00:00 0                          [stack:7834]
7f96848b7000-7f96848b8000 ---p 00000000 00:00 0 
7f96848b8000-7f9685912000 rw-p 00000000 00:00 0                          [stack:7830]
7f9685912000-7f9685ad1000 r--s 039e5000 08:02 3803916                    /usr/lib/jvm/java-7-oracle/jre/lib/rt.jar
7f9685ad1000-7f9688000000 rw-p 00000000 00:00 0 
7f9688000000-7f9688021000 rw-p 00000000 00:00 0 
7f9688021000-7f968c000000 ---p 00000000 00:00 0 
7f968c02f000-7f968c030000 ---p 00000000 00:00 0 
7f968c030000-7f968c130000 rw-p 00000000 00:00 0                          [stack:7829]
7f968c130000-7f968c131000 ---p 00000000 00:00 0 
7f968c131000-7f968c231000 rw-p 00000000 00:00 0                          [stack:7828]
7f968c231000-7f968c232000 ---p 00000000 00:00 0 
7f968c232000-7f968c332000 rw-p 00000000 00:00 0                          [stack:7824]
7f968c332000-7f968c333000 ---p 00000000 00:00 0 
7f968c333000-7f968c448000 rw-p 00000000 00:00 0                          [stack:7814]
7f968c448000-7f968c589000 rw-p 00000000 00:00 0 
7f968c589000-7f968c594000 rw-p 00000000 00:00 0 
7f968c594000-7f968c5b2000 rw-p 00000000 00:00 0 
7f968c5b2000-7f968c5c7000 rw-p 00000000 00:00 0 
7f968c5c7000-7f968c707000 rw-p 00000000 00:00 0 
7f968c707000-7f968c71a000 rw-p 00000000 00:00 0 
7f968c71a000-7f968c7b2000 rw-p 00000000 00:00 0 
7f968c7b2000-7f968c7b3000 rw-p 00000000 00:00 0 
7f968c7b3000-7f968ca23000 rwxp 00000000 00:00 0 
7f968ca23000-7f968f7b3000 rw-p 00000000 00:00 0 
7f968f7b3000-7f968f7cd000 r-xp 00000000 08:02 3803925                    /usr/lib/jvm/java-7-oracle/jre/lib/amd64/libzip.so
7f968f7cd000-7f968f9cd000 ---p 0001a000 08:02 3803925                    /usr/lib/jvm/java-7-oracle/jre/lib/amd64/libzip.so
7f968f9cd000-7f968f9ce000 rw-p 0001a000 08:02 3803925                    /usr/lib/jvm/java-7-oracle/jre/lib/amd64/libzip.so
7f968f9ce000-7f968f9d9000 r-xp 00000000 08:02 11931624                   /lib/x86_64-linux-gnu/libnss_files-2.19.so
7f968f9d9000-7f968fbd8000 ---p 0000b000 08:02 11931624                   /lib/x86_64-linux-gnu/libnss_files-2.19.so
7f968fbd8000-7f968fbd9000 r--p 0000a000 08:02 11931624                   /lib/x86_64-linux-gnu/libnss_files-2.19.so
7f968fbd9000-7f968fbda000 rw-p 0000b000 08:02 11931624                   /lib/x86_64-linux-gnu/libnss_files-2.19.so
7f968fbda000-7f968fbe5000 r-xp 00000000 08:02 11931634                   /lib/x86_64-linux-gnu/libnss_nis-2.19.so
7f968fbe5000-7f968fde4000 ---p 0000b000 08:02 11931634                   /lib/x86_64-linux-gnu/libnss_nis-2.19.so
7f968fde4000-7f968fde5000 r--p 0000a000 08:02 11931634                   /lib/x86_64-linux-gnu/libnss_nis-2.19.so
7f968fde5000-7f968fde6000 rw-p 0000b000 08:02 11931634                   /lib/x86_64-linux-gnu/libnss_nis-2.19.so
7f968fde6000-7f968fdfd000 r-xp 00000000 08:02 11931618                   /lib/x86_64-linux-gnu/libnsl-2.19.so
7f968fdfd000-7f968fffc000 ---p 00017000 08:02 11931618                   /lib/x86_64-linux-gnu/libnsl-2.19.so
7f968fffc000-7f968fffd000 r--p 00016000 08:02 11931618                   /lib/x86_64-linux-gnu/libnsl-2.19.so
7f968fffd000-7f968fffe000 rw-p 00017000 08:02 11931618                   /lib/x86_64-linux-gnu/libnsl-2.19.so
7f968fffe000-7f9690000000 rw-p 00000000 00:00 0 
7f9690000000-7f96902b0000 rw-p 00000000 00:00 0 
7f96902b0000-7f9694000000 ---p 00000000 00:00 0 
7f9694013000-7f969401a000 r--s 00000000 08:02 1185671                    /usr/lib/x86_64-linux-gnu/gconv/gconv-modules.cache
7f969401a000-7f9694040000 r--p 00000000 08:02 2623519                    /usr/share/locale-langpack/ko/LC_MESSAGES/libc.mo
7f9694040000-7f96940a6000 rw-p 00000000 00:00 0 
7f96940a6000-7f96940c4000 rw-p 00000000 00:00 0 
7f96940c4000-7f96940cd000 r-xp 00000000 08:02 11931620                   /lib/x86_64-linux-gnu/libnss_compat-2.19.so
7f96940cd000-7f96942cc000 ---p 00009000 08:02 11931620                   /lib/x86_64-linux-gnu/libnss_compat-2.19.so
7f96942cc000-7f96942cd000 r--p 00008000 08:02 11931620                   /lib/x86_64-linux-gnu/libnss_compat-2.19.so
7f96942cd000-7f96942ce000 rw-p 00009000 08:02 11931620                   /lib/x86_64-linux-gnu/libnss_compat-2.19.so
7f96942ce000-7f96942f7000 r-xp 00000000 08:02 3803970                    /usr/lib/jvm/java-7-oracle/jre/lib/amd64/libjava.so
7f96942f7000-7f96944f7000 ---p 00029000 08:02 3803970                    /usr/lib/jvm/java-7-oracle/jre/lib/amd64/libjava.so
7f96944f7000-7f96944f9000 rw-p 00029000 08:02 3803970                    /usr/lib/jvm/java-7-oracle/jre/lib/amd64/libjava.so
7f96944f9000-7f9694506000 r-xp 00000000 08:02 3803961                    /usr/lib/jvm/java-7-oracle/jre/lib/amd64/libverify.so
7f9694506000-7f9694705000 ---p 0000d000 08:02 3803961                    /usr/lib/jvm/java-7-oracle/jre/lib/amd64/libverify.so
7f9694705000-7f9694707000 rw-p 0000c000 08:02 3803961                    /usr/lib/jvm/java-7-oracle/jre/lib/amd64/libverify.so
7f9694707000-7f969470e000 r-xp 00000000 08:02 11931677                   /lib/x86_64-linux-gnu/librt-2.19.so
7f969470e000-7f969490d000 ---p 00007000 08:02 11931677                   /lib/x86_64-linux-gnu/librt-2.19.so
7f969490d000-7f969490e000 r--p 00006000 08:02 11931677                   /lib/x86_64-linux-gnu/librt-2.19.so
7f969490e000-7f969490f000 rw-p 00007000 08:02 11931677                   /lib/x86_64-linux-gnu/librt-2.19.so
7f969490f000-7f9694a14000 r-xp 00000000 08:02 11931599                   /lib/x86_64-linux-gnu/libm-2.19.so
7f9694a14000-7f9694c13000 ---p 00105000 08:02 11931599                   /lib/x86_64-linux-gnu/libm-2.19.so
7f9694c13000-7f9694c14000 r--p 00104000 08:02 11931599                   /lib/x86_64-linux-gnu/libm-2.19.so
7f9694c14000-7f9694c15000 rw-p 00105000 08:02 11931599                   /lib/x86_64-linux-gnu/libm-2.19.so
7f9694c15000-7f9695785000 r-xp 00000000 08:02 3803958                    /usr/lib/jvm/java-7-oracle/jre/lib/amd64/server/libjvm.so
7f9695785000-7f9695984000 ---p 00b70000 08:02 3803958                    /usr/lib/jvm/java-7-oracle/jre/lib/amd64/server/libjvm.so
7f9695984000-7f9695a49000 rw-p 00b6f000 08:02 3803958                    /usr/lib/jvm/java-7-oracle/jre/lib/amd64/server/libjvm.so
7f9695a49000-7f9695a89000 rw-p 00000000 00:00 0 
7f9695a89000-7f9695c45000 r-xp 00000000 08:02 11931549                   /lib/x86_64-linux-gnu/libc-2.19.so
7f9695c45000-7f9695e44000 ---p 001bc000 08:02 11931549                   /lib/x86_64-linux-gnu/libc-2.19.so
7f9695e44000-7f9695e48000 r--p 001bb000 08:02 11931549                   /lib/x86_64-linux-gnu/libc-2.19.so
7f9695e48000-7f9695e4a000 rw-p 001bf000 08:02 11931549                   /lib/x86_64-linux-gnu/libc-2.19.so
7f9695e4a000-7f9695e4f000 rw-p 00000000 00:00 0 
7f9695e4f000-7f9695e52000 r-xp 00000000 08:02 11931566                   /lib/x86_64-linux-gnu/libdl-2.19.so
7f9695e52000-7f9696051000 ---p 00003000 08:02 11931566                   /lib/x86_64-linux-gnu/libdl-2.19.so
7f9696051000-7f9696052000 r--p 00002000 08:02 11931566                   /lib/x86_64-linux-gnu/libdl-2.19.so
7f9696052000-7f9696053000 rw-p 00003000 08:02 11931566                   /lib/x86_64-linux-gnu/libdl-2.19.so
7f9696053000-7f9696069000 r-xp 00000000 08:02 3803965                    /usr/lib/jvm/java-7-oracle/jre/lib/amd64/jli/libjli.so
7f9696069000-7f9696269000 ---p 00016000 08:02 3803965                    /usr/lib/jvm/java-7-oracle/jre/lib/amd64/jli/libjli.so
7f9696269000-7f969626a000 rw-p 00016000 08:02 3803965                    /usr/lib/jvm/java-7-oracle/jre/lib/amd64/jli/libjli.so
7f969626a000-7f9696283000 r-xp 00000000 08:02 11931669                   /lib/x86_64-linux-gnu/libpthread-2.19.so
7f9696283000-7f9696482000 ---p 00019000 08:02 11931669                   /lib/x86_64-linux-gnu/libpthread-2.19.so
7f9696482000-7f9696483000 r--p 00018000 08:02 11931669                   /lib/x86_64-linux-gnu/libpthread-2.19.so
7f9696483000-7f9696484000 rw-p 00019000 08:02 11931669                   /lib/x86_64-linux-gnu/libpthread-2.19.so
7f9696484000-7f9696488000 rw-p 00000000 00:00 0 
7f9696488000-7f96964ab000 r-xp 00000000 08:02 11931525                   /lib/x86_64-linux-gnu/ld-2.19.so
7f96964b0000-7f96964b4000 r--s 00035000 08:02 3416588                    /home/youngbin/zionhs/ZionHighSchool/libs/jericho-android.3.1.jar
7f96964b4000-7f96964d4000 rw-p 00000000 00:00 0 
7f96964d4000-7f969658a000 rw-p 00000000 00:00 0 
7f969658a000-7f969658d000 ---p 00000000 00:00 0 
7f969658d000-7f9696690000 rw-p 00000000 00:00 0                          [stack:7810]
7f9696690000-7f969669e000 r--s 000cf000 08:02 4458245                    /usr/share/android-studio/data/sdk/build-tools/19.1.0/lib/dx.jar
7f969669e000-7f96966a6000 rw-s 00000000 08:02 1446049                    /tmp/hsperfdata_youngbin/7777
7f96966a6000-7f96966a7000 rw-p 00000000 00:00 0 
7f96966a7000-7f96966a8000 ---p 00000000 00:00 0 
7f96966a8000-7f96966aa000 rw-p 00000000 00:00 0 
7f96966aa000-7f96966ab000 r--p 00022000 08:02 11931525                   /lib/x86_64-linux-gnu/ld-2.19.so
7f96966ab000-7f96966ac000 rw-p 00023000 08:02 11931525                   /lib/x86_64-linux-gnu/ld-2.19.so
7f96966ac000-7f96966ad000 rw-p 00000000 00:00 0 
7fffd94f7000-7fffd9518000 rw-p 00000000 00:00 0                          [stack]
7fffd9595000-7fffd9597000 r-xp 00000000 00:00 0                          [vdso]
ffffffffff600000-ffffffffff601000 r-xp 00000000 00:00 0                  [vsyscall]

VM Arguments:
jvm_args: -Xmx1024M 
java_command: /usr/share/android-studio/data/sdk/build-tools/19.1.0/lib/dx.jar --dex --output /home/youngbin/zionhs/ZionHighSchool/build/intermediates/pre-dexed/release/jericho-android.3.1-de24887505164de5855b64a2301c666e0816cf1e.jar /home/youngbin/zionhs/ZionHighSchool/libs/jericho-android.3.1.jar
Launcher Type: SUN_STANDARD

Environment Variables:
CLASSPATH=/usr/share/android-studio/data/bin/../lib/bootstrap.jar:/usr/share/android-studio/data/bin/../lib/extensions.jar:/usr/share/android-studio/data/bin/../lib/util.jar:/usr/share/android-studio/data/bin/../lib/jdom.jar:/usr/share/android-studio/data/bin/../lib/log4j.jar:/usr/share/android-studio/data/bin/../lib/trove4j.jar:/usr/share/android-studio/data/bin/../lib/jna.jar:/usr/lib/jvm/java-7-oracle/lib/tools.jar
PATH=/usr/local/sbin:/usr/local/bin:/usr/sbin:/usr/bin:/sbin:/bin:/usr/games:/usr/local/games
LD_LIBRARY_PATH=/usr/share/android-studio/data/bin:
SHELL=/bin/bash
DISPLAY=:0

Signal Handlers:
SIGSEGV: [libjvm.so+0x99f4a0], sa_mask[0]=0x7ffbfeff, sa_flags=0x10000004
SIGBUS: [libjvm.so+0x99f4a0], sa_mask[0]=0x7ffbfeff, sa_flags=0x10000004
SIGFPE: [libjvm.so+0x81a860], sa_mask[0]=0x7ffbfeff, sa_flags=0x10000004
SIGPIPE: [libjvm.so+0x81a860], sa_mask[0]=0x7ffbfeff, sa_flags=0x10000004
SIGXFSZ: [libjvm.so+0x81a860], sa_mask[0]=0x7ffbfeff, sa_flags=0x10000004
SIGILL: [libjvm.so+0x81a860], sa_mask[0]=0x7ffbfeff, sa_flags=0x10000004
SIGUSR1: SIG_DFL, sa_mask[0]=0x00000000, sa_flags=0x00000000
SIGUSR2: [libjvm.so+0x81c060], sa_mask[0]=0x00000004, sa_flags=0x10000004
SIGHUP: [libjvm.so+0x81d160], sa_mask[0]=0x7ffbfeff, sa_flags=0x10000004
SIGINT: [libjvm.so+0x81d160], sa_mask[0]=0x7ffbfeff, sa_flags=0x10000004
SIGTERM: [libjvm.so+0x81d160], sa_mask[0]=0x7ffbfeff, sa_flags=0x10000004
SIGQUIT: [libjvm.so+0x81d160], sa_mask[0]=0x7ffbfeff, sa_flags=0x10000004


---------------  S Y S T E M  ---------------

OS:jessie/sid

uname:Linux 3.13.0-33-generic #58-Ubuntu SMP Tue Jul 29 16:45:05 UTC 2014 x86_64
libc:glibc 2.19 NPTL 2.19 
rlimit: STACK 8192k, CORE 0k, NPROC 31043, NOFILE 4096, AS infinity
load average:33.10 12.06 4.82

/proc/meminfo:
MemTotal:        4003424 kB
MemFree:         1263100 kB
Buffers:            1404 kB
Cached:            78856 kB
SwapCached:            0 kB
Active:          2497108 kB
Inactive:          74716 kB
Active(anon):    2495028 kB
Inactive(anon):    37040 kB
Active(file):       2080 kB
Inactive(file):    37676 kB
Unevictable:          48 kB
Mlocked:              48 kB
SwapTotal:             0 kB
SwapFree:              0 kB
Dirty:               112 kB
Writeback:             0 kB
AnonPages:       2491824 kB
Mapped:            47364 kB
Shmem:             40292 kB
Slab:              53668 kB
SReclaimable:      20964 kB
SUnreclaim:        32704 kB
KernelStack:        4824 kB
PageTables:        47568 kB
NFS_Unstable:          0 kB
Bounce:                0 kB
WritebackTmp:          0 kB
CommitLimit:     2001712 kB
Committed_AS:    6456468 kB
VmallocTotal:   34359738367 kB
VmallocUsed:      134712 kB
VmallocChunk:   34359588128 kB
HardwareCorrupted:     0 kB
AnonHugePages:   1028096 kB
HugePages_Total:       0
HugePages_Free:        0
HugePages_Rsvd:        0
HugePages_Surp:        0
Hugepagesize:       2048 kB
DirectMap4k:       53648 kB
DirectMap2M:     4096000 kB


CPU:total 4 (2 cores per cpu, 2 threads per core) family 6 model 42 stepping 7, cmov, cx8, fxsr, mmx, sse, sse2, sse3, ssse3, sse4.1, sse4.2, popcnt, avx, ht, tsc, tscinvbit

/proc/cpuinfo:
processor	: 0
vendor_id	: GenuineIntel
cpu family	: 6
model		: 42
model name	: Intel(R) Core(TM) i3-2120 CPU @ 3.30GHz
stepping	: 7
microcode	: 0x26
cpu MHz		: 3300.000
cache size	: 3072 KB
physical id	: 0
siblings	: 4
core id		: 0
cpu cores	: 2
apicid		: 0
initial apicid	: 0
fpu		: yes
fpu_exception	: yes
cpuid level	: 13
wp		: yes
flags		: fpu vme de pse tsc msr pae mce cx8 apic sep mtrr pge mca cmov pat pse36 clflush dts acpi mmx fxsr sse sse2 ss ht tm pbe syscall nx rdtscp lm constant_tsc arch_perfmon pebs bts rep_good nopl xtopology nonstop_tsc aperfmperf eagerfpu pni pclmulqdq dtes64 monitor ds_cpl vmx est tm2 ssse3 cx16 xtpr pdcm pcid sse4_1 sse4_2 popcnt tsc_deadline_timer xsave avx lahf_lm arat epb xsaveopt pln pts dtherm tpr_shadow vnmi flexpriority ept vpid
bogomips	: 6599.92
clflush size	: 64
cache_alignment	: 64
address sizes	: 36 bits physical, 48 bits virtual
power management:

processor	: 1
vendor_id	: GenuineIntel
cpu family	: 6
model		: 42
model name	: Intel(R) Core(TM) i3-2120 CPU @ 3.30GHz
stepping	: 7
microcode	: 0x26
cpu MHz		: 3300.000
cache size	: 3072 KB
physical id	: 0
siblings	: 4
core id		: 1
cpu cores	: 2
apicid		: 2
initial apicid	: 2
fpu		: yes
fpu_exception	: yes
cpuid level	: 13
wp		: yes
flags		: fpu vme de pse tsc msr pae mce cx8 apic sep mtrr pge mca cmov pat pse36 clflush dts acpi mmx fxsr sse sse2 ss ht tm pbe syscall nx rdtscp lm constant_tsc arch_perfmon pebs bts rep_good nopl xtopology nonstop_tsc aperfmperf eagerfpu pni pclmulqdq dtes64 monitor ds_cpl vmx est tm2 ssse3 cx16 xtpr pdcm pcid sse4_1 sse4_2 popcnt tsc_deadline_timer xsave avx lahf_lm arat epb xsaveopt pln pts dtherm tpr_shadow vnmi flexpriority ept vpid
bogomips	: 6599.92
clflush size	: 64
cache_alignment	: 64
address sizes	: 36 bits physical, 48 bits virtual
power management:

processor	: 2
vendor_id	: GenuineIntel
cpu family	: 6
model		: 42
model name	: Intel(R) Core(TM) i3-2120 CPU @ 3.30GHz
stepping	: 7
microcode	: 0x26
cpu MHz		: 1600.000
cache size	: 3072 KB
physical id	: 0
siblings	: 4
core id		: 0
cpu cores	: 2
apicid		: 1
initial apicid	: 1
fpu		: yes
fpu_exception	: yes
cpuid level	: 13
wp		: yes
flags		: fpu vme de pse tsc msr pae mce cx8 apic sep mtrr pge mca cmov pat pse36 clflush dts acpi mmx fxsr sse sse2 ss ht tm pbe syscall nx rdtscp lm constant_tsc arch_perfmon pebs bts rep_good nopl xtopology nonstop_tsc aperfmperf eagerfpu pni pclmulqdq dtes64 monitor ds_cpl vmx est tm2 ssse3 cx16 xtpr pdcm pcid sse4_1 sse4_2 popcnt tsc_deadline_timer xsave avx lahf_lm arat epb xsaveopt pln pts dtherm tpr_shadow vnmi flexpriority ept vpid
bogomips	: 6599.92
clflush size	: 64
cache_alignment	: 64
address sizes	: 36 bits physical, 48 bits virtual
power management:

processor	: 3
vendor_id	: GenuineIntel
cpu family	: 6
model		: 42
model name	: Intel(R) Core(TM) i3-2120 CPU @ 3.30GHz
stepping	: 7
microcode	: 0x26
cpu MHz		: 2500.000
cache size	: 3072 KB
physical id	: 0
siblings	: 4
core id		: 1
cpu cores	: 2
apicid		: 3
initial apicid	: 3
fpu		: yes
fpu_exception	: yes
cpuid level	: 13
wp		: yes
flags		: fpu vme de pse tsc msr pae mce cx8 apic sep mtrr pge mca cmov pat pse36 clflush dts acpi mmx fxsr sse sse2 ss ht tm pbe syscall nx rdtscp lm constant_tsc arch_perfmon pebs bts rep_good nopl xtopology nonstop_tsc aperfmperf eagerfpu pni pclmulqdq dtes64 monitor ds_cpl vmx est tm2 ssse3 cx16 xtpr pdcm pcid sse4_1 sse4_2 popcnt tsc_deadline_timer xsave avx lahf_lm arat epb xsaveopt pln pts dtherm tpr_shadow vnmi flexpriority ept vpid
bogomips	: 6599.92
clflush size	: 64
cache_alignment	: 64
address sizes	: 36 bits physical, 48 bits virtual
power management:



Memory: 4k page, physical 4003424k(1263100k free), swap 0k(0k free)

vm_info: Java HotSpot(TM) 64-Bit Server VM (24.65-b04) for linux-amd64 JRE (1.7.0_65-b17), built on Jun 16 2014 20:55:34 by "java_re" with gcc 4.3.0 20080428 (Red Hat 4.3.0-8)

time: Thu Aug 14 22:32:30 2014
elapsed time: 107 seconds

